<?xml version="1.0" encoding="UTF-8"?>
<!-- Generated by org.testng.reporters.JUnitReportReporter -->
<testsuite skipped="0" hostname="BLRRIDGWD22231" name="com.testpages.T0testcases" tests="1" failures="0" timestamp="17 Jan 2018 11:33:29 GMT" time="6.190" errors="0">
  <testcase name="editt0test" time="6.190" classname="com.testpages.T0testcases"/>
</testsuite> <!-- com.testpages.T0testcases -->
